<?xml version="1.0" encoding="UTF-8"?>
<!-- Generated by org.testng.reporters.JUnitReportReporter -->
<testsuite skipped="0" hostname="deepa" name="com.automation.tests.PostTest" tests="1" failures="0" timestamp="19 Nov 2018 18:23:59 GMT" time="0.783" errors="0">
  <testcase name="f" time="0.783" classname="com.automation.tests.PostTest"/>
</testsuite> <!-- com.automation.tests.PostTest -->
